<?xml version="1.0" encoding="UTF-8"?>
<!-- Generated by org.testng.reporters.JUnitReportReporter -->
<testsuite skipped="0" hostname="DESKTOP-N3LRA4A" name="xyz.HomePageTest" tests="2" failures="0" timestamp="15 Jan 2021 23:02:47 GMT" time="35.917" errors="0">
  <testcase name="sortCheck" time="18.366" classname="xyz.HomePageTest"/>
  <testcase name="T" time="17.551" classname="xyz.HomePageTest"/>
</testsuite> <!-- xyz.HomePageTest -->
