<?xml version="1.0" encoding="UTF-8"?>
<!-- Generated by org.testng.reporters.JUnitReportReporter -->
<testsuite skipped="0" hostname="DESKTOP-N3LRA4A" name="xyz.LoginPageTest" tests="2" failures="0" timestamp="15 Jan 2021 22:00:55 GMT" time="8.519" errors="0">
  <testcase name="T1" time="7.887" classname="xyz.LoginPageTest"/>
  <testcase name="T2" time="0.632" classname="xyz.LoginPageTest"/>
</testsuite> <!-- xyz.LoginPageTest -->
