<?xml version="1.0" encoding="UTF-8"?>
<!-- Generated by org.testng.reporters.JUnitReportReporter -->
<testsuite skipped="0" hostname="DESKTOP-N3LRA4A" name="xyz.BasicTest" tests="1" failures="0" timestamp="15 Jan 2021 13:20:44 GMT" time="61.530" errors="0">
  <testcase name="T1" time="61.530" classname="xyz.BasicTest"/>
</testsuite> <!-- xyz.BasicTest -->
